<?xml version="1.0" encoding="UTF-8"?>
<!-- Generated by org.testng.reporters.JUnitReportReporter -->
<testsuite skipped="0" hostname="DESKTOP-5BDCR5P" name="com.xyz.bank.testsuite.BankTest" tests="5" failures="0" timestamp="2022-12-13T20:59:40 GMT" time="49.349" errors="0">
  <testcase name="bankManagerShouldAddCustomerSuccessfully" time="14.379" classname="com.xyz.bank.testsuite.BankTest"/>
  <system-out>
    <![CDATA[Clicking on bank manager login Button [[ChromeDriver: chrome on WINDOWS (1745c66b3e8a0106aa3304222ab325e8)] -> xpath: //button[contains(text(),'Bank Manager Login')]]
Clicking on add customer Button [[ChromeDriver: chrome on WINDOWS (1745c66b3e8a0106aa3304222ab325e8)] -> xpath: //button[@ng-class='btnClass1']]
Enter first name Prime to first name field [[ChromeDriver: chrome on WINDOWS (1745c66b3e8a0106aa3304222ab325e8)] -> xpath: //input[@placeholder='First Name']]
Enter last name Tester to last name field [[ChromeDriver: chrome on WINDOWS (1745c66b3e8a0106aa3304222ab325e8)] -> xpath: //input[@placeholder='Last Name']]
Enter postcode E89899 to postcode field [[ChromeDriver: chrome on WINDOWS (1745c66b3e8a0106aa3304222ab325e8)] -> xpath: //input[@placeholder='Post Code']]
Clicking on add customer Button [[ChromeDriver: chrome on WINDOWS (1745c66b3e8a0106aa3304222ab325e8)] -> xpath: //button[@type='submit']]
Getting customer added popup message Customer added successfully with customer id :6
Clicking on add customer Button 
Click to see screenshot
<a target = "_blank" href=C:\Users\krupa\IdeaProjects\com-xyz-bank-pagefactorymodel/test-output/html/bankManagerShouldAddCustomerSuccessfullyTue_Dec_13_20_58_52_GMT_2022.jpg>Screenshot</a>
<br>
<br>
<a target = "_blank" href=C:\Users\krupa\IdeaProjects\com-xyz-bank-pagefactorymodel/test-output/html/bankManagerShouldAddCustomerSuccessfullyTue_Dec_13_20_58_52_GMT_2022.jpg><img src=C:\Users\krupa\IdeaProjects\com-xyz-bank-pagefactorymodel/test-output/html/bankManagerShouldAddCustomerSuccessfullyTue_Dec_13_20_58_52_GMT_2022.jpg height=200 width=200></img></a>]]>
  </system-out>
  <testcase name="customerShouldLoginAndLogoutSuceessfully" time="6.861" classname="com.xyz.bank.testsuite.BankTest"/>
  <system-out>
    <![CDATA[Clicking on bank manager login Button [[ChromeDriver: chrome on WINDOWS (6e50e638b9bb1799e2885dbdc65090bd)] -> xpath: //button[contains(text(),'Bank Manager Login')]]
Clicking on add customer Button [[ChromeDriver: chrome on WINDOWS (6e50e638b9bb1799e2885dbdc65090bd)] -> xpath: //button[@ng-class='btnClass1']]
Enter first name Prime to first name field [[ChromeDriver: chrome on WINDOWS (6e50e638b9bb1799e2885dbdc65090bd)] -> xpath: //input[@placeholder='First Name']]
Enter last name Tester to last name field [[ChromeDriver: chrome on WINDOWS (6e50e638b9bb1799e2885dbdc65090bd)] -> xpath: //input[@placeholder='Last Name']]
Enter postcode E89899 to postcode field [[ChromeDriver: chrome on WINDOWS (6e50e638b9bb1799e2885dbdc65090bd)] -> xpath: //input[@placeholder='Post Code']]
Clicking on add customer Button [[ChromeDriver: chrome on WINDOWS (6e50e638b9bb1799e2885dbdc65090bd)] -> xpath: //button[@type='submit']]
Clicking on add customer Button 
Clicking on open account Button [[ChromeDriver: chrome on WINDOWS (6e50e638b9bb1799e2885dbdc65090bd)] -> xpath: //button[@ng-click='openAccount()']]
selecting Prime Testerfrom [[ChromeDriver: chrome on WINDOWS (6e50e638b9bb1799e2885dbdc65090bd)] -> id: userSelect]
selecting Poundfrom [[ChromeDriver: chrome on WINDOWS (6e50e638b9bb1799e2885dbdc65090bd)] -> id: currency]
Clicking on process Button [[ChromeDriver: chrome on WINDOWS (6e50e638b9bb1799e2885dbdc65090bd)] -> xpath: //button[contains(text(),'Process')]]
Clicking on ok on popup 
Clicking on Home Page Button [[ChromeDriver: chrome on WINDOWS (6e50e638b9bb1799e2885dbdc65090bd)] -> xpath: //button[contains(text(),'Home')]]
Clicking on customer login Button [[ChromeDriver: chrome on WINDOWS (6e50e638b9bb1799e2885dbdc65090bd)] -> xpath: //button[@ng-click='customer()']]
Select your name Prime Tester from [[ChromeDriver: chrome on WINDOWS (6e50e638b9bb1799e2885dbdc65090bd)] -> id: userSelect]
Clicking on login Button [[ChromeDriver: chrome on WINDOWS (6e50e638b9bb1799e2885dbdc65090bd)] -> xpath: //button[@type='submit']]
Getting your name message [[ChromeDriver: chrome on WINDOWS (6e50e638b9bb1799e2885dbdc65090bd)] -> xpath: //label[contains(text(),'Your Name :')]]
Click to see screenshot
<a target = "_blank" href=C:\Users\krupa\IdeaProjects\com-xyz-bank-pagefactorymodel/test-output/html/customerShouldLoginAndLogoutSuceessfullyTue_Dec_13_20_59_26_GMT_2022.jpg>Screenshot</a>
<br>
<br>
<a target = "_blank" href=C:\Users\krupa\IdeaProjects\com-xyz-bank-pagefactorymodel/test-output/html/customerShouldLoginAndLogoutSuceessfullyTue_Dec_13_20_59_26_GMT_2022.jpg><img src=C:\Users\krupa\IdeaProjects\com-xyz-bank-pagefactorymodel/test-output/html/customerShouldLoginAndLogoutSuceessfullyTue_Dec_13_20_59_26_GMT_2022.jpg height=200 width=200></img></a>]]>
  </system-out>
  <testcase name="customerShouldWithdrawMoneySuccessfully" time="11.386" classname="com.xyz.bank.testsuite.BankTest"/>
  <system-out>
    <![CDATA[Clicking on bank manager login Button [[ChromeDriver: chrome on WINDOWS (a2b335598c6170fba088b0fe0f7bc110)] -> xpath: //button[contains(text(),'Bank Manager Login')]]
Clicking on add customer Button [[ChromeDriver: chrome on WINDOWS (a2b335598c6170fba088b0fe0f7bc110)] -> xpath: //button[@ng-class='btnClass1']]
Enter first name Prime to first name field [[ChromeDriver: chrome on WINDOWS (a2b335598c6170fba088b0fe0f7bc110)] -> xpath: //input[@placeholder='First Name']]
Enter last name Tester to last name field [[ChromeDriver: chrome on WINDOWS (a2b335598c6170fba088b0fe0f7bc110)] -> xpath: //input[@placeholder='Last Name']]
Enter postcode E89899 to postcode field [[ChromeDriver: chrome on WINDOWS (a2b335598c6170fba088b0fe0f7bc110)] -> xpath: //input[@placeholder='Post Code']]
Clicking on add customer Button [[ChromeDriver: chrome on WINDOWS (a2b335598c6170fba088b0fe0f7bc110)] -> xpath: //button[@type='submit']]
Getting customer added popup message Customer added successfully with customer id :6
Clicking on add customer Button 
Clicking on open account Button [[ChromeDriver: chrome on WINDOWS (a2b335598c6170fba088b0fe0f7bc110)] -> xpath: //button[@ng-click='openAccount()']]
selecting Prime Testerfrom [[ChromeDriver: chrome on WINDOWS (a2b335598c6170fba088b0fe0f7bc110)] -> id: userSelect]
selecting Poundfrom [[ChromeDriver: chrome on WINDOWS (a2b335598c6170fba088b0fe0f7bc110)] -> id: currency]
Clicking on process Button [[ChromeDriver: chrome on WINDOWS (a2b335598c6170fba088b0fe0f7bc110)] -> xpath: //button[contains(text(),'Process')]]
Clicking on ok on popup 
Clicking on Home Page Button [[ChromeDriver: chrome on WINDOWS (a2b335598c6170fba088b0fe0f7bc110)] -> xpath: //button[contains(text(),'Home')]]
Clicking on customer login Button [[ChromeDriver: chrome on WINDOWS (a2b335598c6170fba088b0fe0f7bc110)] -> xpath: //button[@ng-click='customer()']]
Select your name Prime Tester from [[ChromeDriver: chrome on WINDOWS (a2b335598c6170fba088b0fe0f7bc110)] -> id: userSelect]
Clicking on login Button [[ChromeDriver: chrome on WINDOWS (a2b335598c6170fba088b0fe0f7bc110)] -> xpath: //button[@type='submit']]
Clicking on deposit Button [[ChromeDriver: chrome on WINDOWS (a2b335598c6170fba088b0fe0f7bc110)] -> xpath: //div[@class='borderM box padT20 ng-scope']//button[2]]
Enter amount 100 to amount field [[ChromeDriver: chrome on WINDOWS (a2b335598c6170fba088b0fe0f7bc110)] -> xpath: //body/div[3]/div[1]/div[2]/div[1]/div[4]/div[1]/form[1]/div[1]/input[1]]
Clicking on deposit Button [[ChromeDriver: chrome on WINDOWS (a2b335598c6170fba088b0fe0f7bc110)] -> xpath: //button[text()='Deposit']]
Clicking on withdrawal Button [[ChromeDriver: chrome on WINDOWS (a2b335598c6170fba088b0fe0f7bc110)] -> xpath: //button[@ng-click='withdrawl()']]
Enter amount 50 to amount field [[ChromeDriver: chrome on WINDOWS (a2b335598c6170fba088b0fe0f7bc110)] -> xpath: //body/div[3]/div[1]/div[2]/div[1]/div[4]/div[1]/form[1]/div[1]/input[1]]
Clicking on withdraw Button [[ChromeDriver: chrome on WINDOWS (a2b335598c6170fba088b0fe0f7bc110)] -> xpath: //button[text()='Withdraw']]
Getting success message [[ChromeDriver: chrome on WINDOWS (a2b335598c6170fba088b0fe0f7bc110)] -> xpath: //span[contains(text(),'Transaction successful')]]
Click to see screenshot
<a target = "_blank" href=C:\Users\krupa\IdeaProjects\com-xyz-bank-pagefactorymodel/test-output/html/customerShouldWithdrawMoneySuccessfullyTue_Dec_13_20_59_39_GMT_2022.jpg>Screenshot</a>
<br>
<br>
<a target = "_blank" href=C:\Users\krupa\IdeaProjects\com-xyz-bank-pagefactorymodel/test-output/html/customerShouldWithdrawMoneySuccessfullyTue_Dec_13_20_59_39_GMT_2022.jpg><img src=C:\Users\krupa\IdeaProjects\com-xyz-bank-pagefactorymodel/test-output/html/customerShouldWithdrawMoneySuccessfullyTue_Dec_13_20_59_39_GMT_2022.jpg height=200 width=200></img></a>]]>
  </system-out>
  <testcase name="bankManagerShouldOpenAccountSuccessfully" time="6.951" classname="com.xyz.bank.testsuite.BankTest"/>
  <system-out>
    <![CDATA[Clicking on bank manager login Button [[ChromeDriver: chrome on WINDOWS (5eee247f9ff4e1bada01c268a27ef285)] -> xpath: //button[contains(text(),'Bank Manager Login')]]
Clicking on add customer Button [[ChromeDriver: chrome on WINDOWS (5eee247f9ff4e1bada01c268a27ef285)] -> xpath: //button[@ng-class='btnClass1']]
Enter first name Prime to first name field [[ChromeDriver: chrome on WINDOWS (5eee247f9ff4e1bada01c268a27ef285)] -> xpath: //input[@placeholder='First Name']]
Enter last name Tester to last name field [[ChromeDriver: chrome on WINDOWS (5eee247f9ff4e1bada01c268a27ef285)] -> xpath: //input[@placeholder='Last Name']]
Enter postcode E89899 to postcode field [[ChromeDriver: chrome on WINDOWS (5eee247f9ff4e1bada01c268a27ef285)] -> xpath: //input[@placeholder='Post Code']]
Clicking on add customer Button [[ChromeDriver: chrome on WINDOWS (5eee247f9ff4e1bada01c268a27ef285)] -> xpath: //button[@type='submit']]
Clicking on add customer Button 
Clicking on open account Button [[ChromeDriver: chrome on WINDOWS (5eee247f9ff4e1bada01c268a27ef285)] -> xpath: //button[@ng-click='openAccount()']]
selecting Prime Testerfrom [[ChromeDriver: chrome on WINDOWS (5eee247f9ff4e1bada01c268a27ef285)] -> id: userSelect]
selecting Poundfrom [[ChromeDriver: chrome on WINDOWS (5eee247f9ff4e1bada01c268a27ef285)] -> id: currency]
Clicking on process Button [[ChromeDriver: chrome on WINDOWS (5eee247f9ff4e1bada01c268a27ef285)] -> xpath: //button[contains(text(),'Process')]]
Getting account created successfully message Account created successfully with account Number :1016
Clicking on ok on popup 
Click to see screenshot
<a target = "_blank" href=C:\Users\krupa\IdeaProjects\com-xyz-bank-pagefactorymodel/test-output/html/bankManagerShouldOpenAccountSuccessfullyTue_Dec_13_20_59_00_GMT_2022.jpg>Screenshot</a>
<br>
<br>
<a target = "_blank" href=C:\Users\krupa\IdeaProjects\com-xyz-bank-pagefactorymodel/test-output/html/bankManagerShouldOpenAccountSuccessfullyTue_Dec_13_20_59_00_GMT_2022.jpg><img src=C:\Users\krupa\IdeaProjects\com-xyz-bank-pagefactorymodel/test-output/html/bankManagerShouldOpenAccountSuccessfullyTue_Dec_13_20_59_00_GMT_2022.jpg height=200 width=200></img></a>]]>
  </system-out>
  <testcase name="customerShouldDepositMoneySuccessfully" time="9.772" classname="com.xyz.bank.testsuite.BankTest"/>
  <system-out>
    <![CDATA[Clicking on bank manager login Button [[ChromeDriver: chrome on WINDOWS (c18b59cffecb413c0f654cb55de90f8f)] -> xpath: //button[contains(text(),'Bank Manager Login')]]
Clicking on add customer Button [[ChromeDriver: chrome on WINDOWS (c18b59cffecb413c0f654cb55de90f8f)] -> xpath: //button[@ng-class='btnClass1']]
Enter first name Prime to first name field [[ChromeDriver: chrome on WINDOWS (c18b59cffecb413c0f654cb55de90f8f)] -> xpath: //input[@placeholder='First Name']]
Enter last name Tester to last name field [[ChromeDriver: chrome on WINDOWS (c18b59cffecb413c0f654cb55de90f8f)] -> xpath: //input[@placeholder='Last Name']]
Enter postcode E89899 to postcode field [[ChromeDriver: chrome on WINDOWS (c18b59cffecb413c0f654cb55de90f8f)] -> xpath: //input[@placeholder='Post Code']]
Clicking on add customer Button [[ChromeDriver: chrome on WINDOWS (c18b59cffecb413c0f654cb55de90f8f)] -> xpath: //button[@type='submit']]
Getting customer added popup message Customer added successfully with customer id :6
Clicking on add customer Button 
Clicking on open account Button [[ChromeDriver: chrome on WINDOWS (c18b59cffecb413c0f654cb55de90f8f)] -> xpath: //button[@ng-click='openAccount()']]
selecting Prime Testerfrom [[ChromeDriver: chrome on WINDOWS (c18b59cffecb413c0f654cb55de90f8f)] -> id: userSelect]
selecting Poundfrom [[ChromeDriver: chrome on WINDOWS (c18b59cffecb413c0f654cb55de90f8f)] -> id: currency]
Clicking on process Button [[ChromeDriver: chrome on WINDOWS (c18b59cffecb413c0f654cb55de90f8f)] -> xpath: //button[contains(text(),'Process')]]
Clicking on ok on popup 
Clicking on Home Page Button [[ChromeDriver: chrome on WINDOWS (c18b59cffecb413c0f654cb55de90f8f)] -> xpath: //button[contains(text(),'Home')]]
Clicking on customer login Button [[ChromeDriver: chrome on WINDOWS (c18b59cffecb413c0f654cb55de90f8f)] -> xpath: //button[@ng-click='customer()']]
Select your name Prime Tester from [[ChromeDriver: chrome on WINDOWS (c18b59cffecb413c0f654cb55de90f8f)] -> id: userSelect]
Clicking on login Button [[ChromeDriver: chrome on WINDOWS (c18b59cffecb413c0f654cb55de90f8f)] -> xpath: //button[@type='submit']]
Clicking on deposit Button [[ChromeDriver: chrome on WINDOWS (c18b59cffecb413c0f654cb55de90f8f)] -> xpath: //div[@class='borderM box padT20 ng-scope']//button[2]]
Enter amount 100 to amount field [[ChromeDriver: chrome on WINDOWS (c18b59cffecb413c0f654cb55de90f8f)] -> xpath: //body/div[3]/div[1]/div[2]/div[1]/div[4]/div[1]/form[1]/div[1]/input[1]]
Clicking on deposit Button [[ChromeDriver: chrome on WINDOWS (c18b59cffecb413c0f654cb55de90f8f)] -> xpath: //button[text()='Deposit']]
Getting success message [[ChromeDriver: chrome on WINDOWS (c18b59cffecb413c0f654cb55de90f8f)] -> xpath: //span[contains(text(),'Deposit Successful')]]
Click to see screenshot
<a target = "_blank" href=C:\Users\krupa\IdeaProjects\com-xyz-bank-pagefactorymodel/test-output/html/customerShouldDepositMoneySuccessfullyTue_Dec_13_20_59_09_GMT_2022.jpg>Screenshot</a>
<br>
<br>
<a target = "_blank" href=C:\Users\krupa\IdeaProjects\com-xyz-bank-pagefactorymodel/test-output/html/customerShouldDepositMoneySuccessfullyTue_Dec_13_20_59_09_GMT_2022.jpg><img src=C:\Users\krupa\IdeaProjects\com-xyz-bank-pagefactorymodel/test-output/html/customerShouldDepositMoneySuccessfullyTue_Dec_13_20_59_09_GMT_2022.jpg height=200 width=200></img></a>]]>
  </system-out>
</testsuite> <!-- com.xyz.bank.testsuite.BankTest -->
